nohup: ignoring input
Starting net.fabricmc.loader.impl.game.minecraft.BundlerClassPathCapture
WARN StatusConsoleListener The use of package scanning to locate plugins is deprecated and will be removed in a future release
WARN StatusConsoleListener The use of package scanning to locate plugins is deprecated and will be removed in a future release
WARN StatusConsoleListener The use of package scanning to locate plugins is deprecated and will be removed in a future release
WARN StatusConsoleListener The use of package scanning to locate plugins is deprecated and will be removed in a future release
WARN StatusConsoleListener Advanced terminal features are not available in this environment
[0m[06:54:21 INFO] [FabricLoader/GameProvider]: Loading Minecraft 1.21.1 Arclight arclight-1.21.1-1.0.1-8ec9529 with Fabric Loader 0.16.14
[m[0m[06:54:21 INFO] [FabricLoader]: Loading 43 mods:
	- arclight 1.0.1+8ec9529
	   \-- fabric-permissions-api-v0 0.3.1
	- fabric-api 0.116.4+1.21.1
	   |-- fabric-api-base 0.4.42+6573ed8c19
	   |-- fabric-api-lookup-api-v1 1.6.71+b559734419
	   |-- fabric-biome-api-v1 13.0.31+d527f9fd19
	   |-- fabric-block-api-v1 1.1.0+0bc3503219
	   |-- fabric-block-view-api-v2 1.0.11+ebb2264e19
	   |-- fabric-blockrenderlayer-v1 1.1.52+0af3f5a719
	   |-- fabric-client-tags-api-v1 1.1.15+6573ed8c19
	   |-- fabric-command-api-v1 1.2.49+f71b366f19
	   |-- fabric-command-api-v2 2.2.28+6ced4dd919
	   |-- fabric-commands-v0 0.2.66+df3654b319
	   |-- fabric-content-registries-v0 8.0.19+b559734419
	   |-- fabric-convention-tags-v1 2.1.5+7f945d5b19
	   |-- fabric-convention-tags-v2 2.11.1+a406e79519
	   |-- fabric-crash-report-info-v1 0.2.29+0af3f5a719
	   |-- fabric-data-attachment-api-v1 1.4.5+6116a37819
	   |-- fabric-data-generation-api-v1 20.2.32+5b9dea2e19
	   |-- fabric-dimensions-v1 4.0.0+6fc22b9919
	   |-- fabric-entity-events-v1 1.8.0+2b27e0a419
	   |-- fabric-events-interaction-v0 0.7.13+ba9dae0619
	   |-- fabric-game-rule-api-v1 1.0.53+6ced4dd919
	   |-- fabric-item-api-v1 11.1.1+d5debaed19
	   |-- fabric-item-group-api-v1 4.1.7+def88e3a19
	   |-- fabric-key-binding-api-v1 1.0.47+0af3f5a719
	   |-- fabric-keybindings-v0 0.2.45+df3654b319
	   |-- fabric-lifecycle-events-v1 2.6.0+0865547519
	   |-- fabric-loot-api-v2 3.0.15+3f89f5a519
	   |-- fabric-loot-api-v3 1.0.3+3f89f5a519
	   |-- fabric-message-api-v1 6.0.14+8aaf3aca19
	   |-- fabric-model-loading-api-v1 2.0.0+fe474d6b19
	   |-- fabric-networking-api-v1 4.3.0+c7469b2119
	   |-- fabric-object-builder-api-v1 15.2.1+40875a9319
	   |-- fabric-particles-v1 4.0.2+6573ed8c19
	   |-- fabric-recipe-api-v1 5.0.14+248df81c19
	   |-- fabric-registry-sync-v0 5.3.1+e3eddc2119
	   |-- fabric-renderer-api-v1 3.4.0+c705a49c19
	   |-- fabric-renderer-indigo 1.7.0+c705a49c19
	   |-- fabric-renderer-registries-v1 3.2.69+df3654b319
	   |-- fabric-rendering-data-attachment-v1 0.3.49+73761d2e19
	   |-- fabric-rendering-fluids-v1 3.1.6+1daea21519
	   |-- fabric-rendering-v0 1.1.72+df3654b319
	   |-- fabric-rendering-v1 5.1.0+ab4c25a019
	   |-- fabric-resource-conditions-api-v1 4.3.0+8dc279b119
	   |-- fabric-resource-loader-v0 1.3.1+5b5275af19
	   |-- fabric-screen-api-v1 2.0.25+8b68f1c719
	   |-- fabric-screen-handler-api-v1 1.3.90+b559734419
	   |-- fabric-sound-api-v1 1.0.23+6573ed8c19
	   |-- fabric-transfer-api-v1 5.4.3+c24bd99419
	   \-- fabric-transitive-access-wideners-v1 6.2.0+45b9699719
	- fabricloader 0.16.14
	   \-- mixinextras 0.4.1
	- java 21
	- minecraft 1.21.1
[m[0m[06:54:21 INFO] [FabricLoader/Mixin]: SpongePowered MIXIN Subsystem Version=0.8.7 Source=file:/home/opc/archlight-server/libraries/net/fabricmc/sponge-mixin/0.15.5+mixin.0.8.7/sponge-mixin-0.15.5+mixin.0.8.7.jar Service=Knot/Fabric Env=SERVER
[m[0m[06:54:21 INFO] [FabricLoader/Mixin]: Compatibility level set to JAVA_21
[m[0m[06:54:22 INFO] [Arclight]: Using locale en_us and fallback locale en_us
[m[0m[06:54:22 INFO] [Arclight]: 

       ___           ___     __   /\
      /   | ________/ (_)__ / /  / /
     / /| |/ __/ __/ / / _ / _ \/__/
    / ___ / / / /_/ / / / / // / /
   /_/  |/_/  \__/_/_/\_ /_//_/ /
                     /__/     \/

    Version 诸王 (Feudal Kings) / arclight-1.21.1-1.0.1-8ec9529
    Build Date 2025-07-16 16:24:32

[m[0m[06:54:23 INFO] [FabricLoader/MixinExtras|Service]: Initializing MixinExtras via com.llamalad7.mixinextras.service.MixinExtrasServiceImpl(version=0.4.1).
[m[0m[06:54:33 INFO]: Environment: Environment[sessionHost=https://sessionserver.mojang.com, servicesHost=https://api.minecraftservices.com, name=PROD]
[m[0m[06:54:34 INFO]: No existing world data, creating new world
[m[0m[06:54:35 INFO]: Loaded 1290 recipes
[m[0m[06:54:35 INFO]: Loaded 1399 advancements
[m[0m[06:54:36 INFO] [n.f.f.i.b.m.BiomeModificationImpl]: Applied 0 biome modifications to 0 of 64 new biomes in 1.566 ms
[m[0m[06:54:36 INFO]: Starting minecraft server version 1.21.1
[m[0m[06:54:36 INFO]: Loading properties
[m[0m[06:54:36 INFO]: Default game type: SURVIVAL
[m[0m[06:54:36 INFO]: Generating keypair
[m[1;31m[06:54:36 ERROR]: Exception handling console input
java.io.IOException: Bad file descriptor
	at java.base/java.io.FileInputStream.readBytes(Native Method) ~[?:?]
	at java.base/java.io.FileInputStream.read(FileInputStream.java:287) ~[?:?]
	at java.base/java.io.BufferedInputStream.read1(BufferedInputStream.java:345) ~[?:?]
	at java.base/java.io.BufferedInputStream.implRead(BufferedInputStream.java:420) ~[?:?]
	at java.base/java.io.BufferedInputStream.read(BufferedInputStream.java:399) ~[?:?]
	at java.base/sun.nio.cs.StreamDecoder.readBytes(StreamDecoder.java:350) ~[?:?]
	at java.base/sun.nio.cs.StreamDecoder.implRead(StreamDecoder.java:393) ~[?:?]
	at java.base/sun.nio.cs.StreamDecoder.lockedRead(StreamDecoder.java:217) ~[?:?]
	at java.base/sun.nio.cs.StreamDecoder.read(StreamDecoder.java:171) ~[?:?]
	at java.base/java.io.InputStreamReader.read(InputStreamReader.java:188) ~[?:?]
	at java.base/java.io.BufferedReader.fill(BufferedReader.java:160) ~[?:?]
	at java.base/java.io.BufferedReader.implReadLine(BufferedReader.java:370) ~[?:?]
	at java.base/java.io.BufferedReader.readLine(BufferedReader.java:347) ~[?:?]
	at java.base/java.io.BufferedReader.readLine(BufferedReader.java:436) ~[?:?]
	at knot/net.minecraft.class_3176$1.run(DedicatedServer_ServerInputThreadMixin_Vanilla.java:103) [server-intermediary.jar:?]
[m[0m[06:54:36 INFO]: Starting Minecraft server on *:25565
[m[0m[06:54:36 INFO]: Using epoll channel type
[m[0m[06:54:36 INFO] [Minecraft]: This server is running Arclight version arclight-1.21.1-1.0.1-8ec9529 (MC: 1.21.1) (Implementing API version 1.21.1-R0.1-SNAPSHOT)
[m[0m[06:54:37 INFO] [Minecraft]: *** This version of Spigot contains changes to some enums. If you notice that plugins no longer work after updating, please report this to the developers of those plugins first. ***
[m[0m[06:54:37 INFO] [Minecraft]: *** If you cannot update those plugins, you can try setting `settings.compatibility.enum-compatibility-mode` to `true` in `bukkit.yml`. ***
[m[0m[06:54:37 INFO] [Arclight]: Registering for Bukkit ...
[m[0m[06:54:37 INFO] [Arclight]: Registered 0 new materials with 0 blocks and 0 items
[m[0m[06:54:37 INFO] [Arclight]: Registered 0 new entity types
[m[0m[06:54:37 INFO] [Arclight]: Registered 0 new biomes
[m[0m[06:54:37 INFO] [Minecraft]: Debug logging is enabled
[m[0m[06:54:37 INFO]: [STDOUT]: Server Ping Player Sample Count: 12
[m[0m[06:54:37 INFO] [Minecraft]: Using 4 threads for Netty based IO
[m[0m[06:54:37 INFO]: Preparing level "world"
[m[0m[06:54:37 INFO] [Arclight]: Registered 0 new dimensions
[m[0m[06:54:38 INFO] [Minecraft]: -------- World Settings For [world] --------
[m[0m[06:54:38 INFO] [Minecraft]: Zombie Aggressive Towards Villager: true
[m[0m[06:54:38 INFO] [Minecraft]: Allow Zombie Pigmen to spawn from portal blocks: true
[m[0m[06:54:38 INFO] [Minecraft]: Experience Merge Radius: 3.0
[m[0m[06:54:38 INFO] [Minecraft]: Mob Spawn Range: 6
[m[0m[06:54:38 INFO] [Minecraft]: Arrow Despawn Rate: 1200 Trident Respawn Rate:1200
[m[0m[06:54:38 INFO] [Minecraft]: Cactus Growth Modifier: 100%
[m[0m[06:54:38 INFO] [Minecraft]: Cane Growth Modifier: 100%
[m[0m[06:54:38 INFO] [Minecraft]: Melon Growth Modifier: 100%
[m[0m[06:54:38 INFO] [Minecraft]: Mushroom Growth Modifier: 100%
[m[0m[06:54:38 INFO] [Minecraft]: Pumpkin Growth Modifier: 100%
[m[0m[06:54:38 INFO] [Minecraft]: Sapling Growth Modifier: 100%
[m[0m[06:54:38 INFO] [Minecraft]: Beetroot Growth Modifier: 100%
[m[0m[06:54:38 INFO] [Minecraft]: Carrot Growth Modifier: 100%
[m[0m[06:54:38 INFO] [Minecraft]: Potato Growth Modifier: 100%
[m[0m[06:54:38 INFO] [Minecraft]: Wheat Growth Modifier: 100%
[m[0m[06:54:38 INFO] [Minecraft]: NetherWart Growth Modifier: 100%
[m[0m[06:54:38 INFO] [Minecraft]: Vine Growth Modifier: 100%
[m[0m[06:54:38 INFO] [Minecraft]: Cocoa Growth Modifier: 100%
[m[0m[06:54:38 INFO] [Minecraft]: Bamboo Growth Modifier: 100%
[m[0m[06:54:38 INFO] [Minecraft]: SweetBerry Growth Modifier: 100%
[m[0m[06:54:38 INFO] [Minecraft]: Kelp Growth Modifier: 100%
[m[0m[06:54:38 INFO] [Minecraft]: TwistingVines Growth Modifier: 100%
[m[0m[06:54:38 INFO] [Minecraft]: WeepingVines Growth Modifier: 100%
[m[0m[06:54:38 INFO] [Minecraft]: CaveVines Growth Modifier: 100%
[m[0m[06:54:38 INFO] [Minecraft]: Entity Activation Range: An 32 / Mo 32 / Ra 48 / Mi 16 / Tiv true / Isa false
[m[0m[06:54:38 INFO] [Minecraft]: Entity Tracking Range: Pl 48 / An 48 / Mo 48 / Mi 32 / Di 128 / Other 64
[m[0m[06:54:38 INFO] [Minecraft]: Hopper Transfer: 8 Hopper Check: 1 Hopper Amount: 1 Hopper Can Load Chunks: false
[m[0m[06:54:38 INFO] [Minecraft]: Custom Map Seeds:  Village: 10387312 Desert: 14357617 Igloo: 14357618 Jungle: 14357619 Swamp: 14357620 Monument: 10387313 Ocean: 14357621 Shipwreck: 165745295 End City: 10387313 Slime: 987234911 Nether: 30084232 Mansion: 10387319 Fossil: 14357921 Portal: 34222645
[m[0m[06:54:38 INFO] [Minecraft]: Max TNT Explosions: 100
[m[0m[06:54:38 INFO] [Minecraft]: Tile Max Tick Time: 50ms Entity max Tick Time: 50ms
[m[0m[06:54:38 INFO] [Minecraft]: Nerfing mobs spawned from spawners: false
[m[0m[06:54:38 INFO] [Minecraft]: View Distance: 10
[m[0m[06:54:38 INFO] [Minecraft]: Simulation Distance: 10
[m[0m[06:54:38 INFO] [Minecraft]: Item Merge Radius: 2.5
[m[0m[06:54:38 INFO] [Minecraft]: Item Despawn Rate: 6000
[m[0m[06:54:43 INFO] [Minecraft]: -------- World Settings For [world/DIM1] --------
[m[0m[06:54:43 INFO] [Minecraft]: Zombie Aggressive Towards Villager: true
[m[0m[06:54:43 INFO] [Minecraft]: Allow Zombie Pigmen to spawn from portal blocks: true
[m[0m[06:54:43 INFO] [Minecraft]: Experience Merge Radius: 3.0
[m[0m[06:54:43 INFO] [Minecraft]: Mob Spawn Range: 6
[m[0m[06:54:43 INFO] [Minecraft]: Arrow Despawn Rate: 1200 Trident Respawn Rate:1200
[m[0m[06:54:43 INFO] [Minecraft]: Cactus Growth Modifier: 100%
[m[0m[06:54:43 INFO] [Minecraft]: Cane Growth Modifier: 100%
[m[0m[06:54:43 INFO] [Minecraft]: Melon Growth Modifier: 100%
[m[0m[06:54:43 INFO] [Minecraft]: Mushroom Growth Modifier: 100%
[m[0m[06:54:43 INFO] [Minecraft]: Pumpkin Growth Modifier: 100%
[m[0m[06:54:43 INFO] [Minecraft]: Sapling Growth Modifier: 100%
[m[0m[06:54:43 INFO] [Minecraft]: Beetroot Growth Modifier: 100%
[m[0m[06:54:43 INFO] [Minecraft]: Carrot Growth Modifier: 100%
[m[0m[06:54:43 INFO] [Minecraft]: Potato Growth Modifier: 100%
[m[0m[06:54:43 INFO] [Minecraft]: Wheat Growth Modifier: 100%
[m[0m[06:54:43 INFO] [Minecraft]: NetherWart Growth Modifier: 100%
[m[0m[06:54:43 INFO] [Minecraft]: Vine Growth Modifier: 100%
[m[0m[06:54:43 INFO] [Minecraft]: Cocoa Growth Modifier: 100%
[m[0m[06:54:43 INFO] [Minecraft]: Bamboo Growth Modifier: 100%
[m[0m[06:54:43 INFO] [Minecraft]: SweetBerry Growth Modifier: 100%
[m[0m[06:54:43 INFO] [Minecraft]: Kelp Growth Modifier: 100%
[m[0m[06:54:43 INFO] [Minecraft]: TwistingVines Growth Modifier: 100%
[m[0m[06:54:43 INFO] [Minecraft]: WeepingVines Growth Modifier: 100%
[m[0m[06:54:43 INFO] [Minecraft]: CaveVines Growth Modifier: 100%
[m[0m[06:54:43 INFO] [Minecraft]: Entity Activation Range: An 32 / Mo 32 / Ra 48 / Mi 16 / Tiv true / Isa false
[m[0m[06:54:43 INFO] [Minecraft]: Entity Tracking Range: Pl 48 / An 48 / Mo 48 / Mi 32 / Di 128 / Other 64
[m[0m[06:54:43 INFO] [Minecraft]: Hopper Transfer: 8 Hopper Check: 1 Hopper Amount: 1 Hopper Can Load Chunks: false
[m[0m[06:54:43 INFO] [Minecraft]: Custom Map Seeds:  Village: 10387312 Desert: 14357617 Igloo: 14357618 Jungle: 14357619 Swamp: 14357620 Monument: 10387313 Ocean: 14357621 Shipwreck: 165745295 End City: 10387313 Slime: 987234911 Nether: 30084232 Mansion: 10387319 Fossil: 14357921 Portal: 34222645
[m[0m[06:54:43 INFO] [Minecraft]: Max TNT Explosions: 100
[m[0m[06:54:43 INFO] [Minecraft]: Tile Max Tick Time: 50ms Entity max Tick Time: 50ms
[m[0m[06:54:43 INFO] [Minecraft]: Nerfing mobs spawned from spawners: false
[m[0m[06:54:43 INFO] [Minecraft]: View Distance: 10
[m[0m[06:54:43 INFO] [Minecraft]: Simulation Distance: 10
[m[0m[06:54:43 INFO] [Minecraft]: Item Merge Radius: 2.5
[m[0m[06:54:43 INFO] [Minecraft]: Item Despawn Rate: 6000
[m[0m[06:54:43 INFO] [Minecraft]: -------- World Settings For [world/DIM-1] --------
[m[0m[06:54:43 INFO] [Minecraft]: Zombie Aggressive Towards Villager: true
[m[0m[06:54:43 INFO] [Minecraft]: Allow Zombie Pigmen to spawn from portal blocks: true
[m[0m[06:54:43 INFO] [Minecraft]: Experience Merge Radius: 3.0
[m[0m[06:54:43 INFO] [Minecraft]: Mob Spawn Range: 6
[m[0m[06:54:43 INFO] [Minecraft]: Arrow Despawn Rate: 1200 Trident Respawn Rate:1200
[m[0m[06:54:43 INFO] [Minecraft]: Cactus Growth Modifier: 100%
[m[0m[06:54:43 INFO] [Minecraft]: Cane Growth Modifier: 100%
[m[0m[06:54:43 INFO] [Minecraft]: Melon Growth Modifier: 100%
[m[0m[06:54:43 INFO] [Minecraft]: Mushroom Growth Modifier: 100%
[m[0m[06:54:43 INFO] [Minecraft]: Pumpkin Growth Modifier: 100%
[m[0m[06:54:43 INFO] [Minecraft]: Sapling Growth Modifier: 100%
[m[0m[06:54:43 INFO] [Minecraft]: Beetroot Growth Modifier: 100%
[m[0m[06:54:43 INFO] [Minecraft]: Carrot Growth Modifier: 100%
[m[0m[06:54:43 INFO] [Minecraft]: Potato Growth Modifier: 100%
[m[0m[06:54:43 INFO] [Minecraft]: Wheat Growth Modifier: 100%
[m[0m[06:54:43 INFO] [Minecraft]: NetherWart Growth Modifier: 100%
[m[0m[06:54:43 INFO] [Minecraft]: Vine Growth Modifier: 100%
[m[0m[06:54:43 INFO] [Minecraft]: Cocoa Growth Modifier: 100%
[m[0m[06:54:43 INFO] [Minecraft]: Bamboo Growth Modifier: 100%
[m[0m[06:54:43 INFO] [Minecraft]: SweetBerry Growth Modifier: 100%
[m[0m[06:54:43 INFO] [Minecraft]: Kelp Growth Modifier: 100%
[m[0m[06:54:43 INFO] [Minecraft]: TwistingVines Growth Modifier: 100%
[m[0m[06:54:43 INFO] [Minecraft]: WeepingVines Growth Modifier: 100%
[m[0m[06:54:43 INFO] [Minecraft]: CaveVines Growth Modifier: 100%
[m[0m[06:54:43 INFO] [Minecraft]: Entity Activation Range: An 32 / Mo 32 / Ra 48 / Mi 16 / Tiv true / Isa false
[m[0m[06:54:43 INFO] [Minecraft]: Entity Tracking Range: Pl 48 / An 48 / Mo 48 / Mi 32 / Di 128 / Other 64
[m[0m[06:54:43 INFO] [Minecraft]: Hopper Transfer: 8 Hopper Check: 1 Hopper Amount: 1 Hopper Can Load Chunks: false
[m[0m[06:54:43 INFO] [Minecraft]: Custom Map Seeds:  Village: 10387312 Desert: 14357617 Igloo: 14357618 Jungle: 14357619 Swamp: 14357620 Monument: 10387313 Ocean: 14357621 Shipwreck: 165745295 End City: 10387313 Slime: 987234911 Nether: 30084232 Mansion: 10387319 Fossil: 14357921 Portal: 34222645
[m[0m[06:54:43 INFO] [Minecraft]: Max TNT Explosions: 100
[m[0m[06:54:43 INFO] [Minecraft]: Tile Max Tick Time: 50ms Entity max Tick Time: 50ms
[m[0m[06:54:43 INFO] [Minecraft]: Nerfing mobs spawned from spawners: false
[m[0m[06:54:43 INFO] [Minecraft]: View Distance: 10
[m[0m[06:54:43 INFO] [Minecraft]: Simulation Distance: 10
[m[0m[06:54:43 INFO] [Minecraft]: Item Merge Radius: 2.5
[m[0m[06:54:43 INFO] [Minecraft]: Item Despawn Rate: 6000
[m[0m[06:54:43 INFO]: Preparing start region for dimension minecraft:overworld
[m[0m[06:54:43 INFO]: Preparing spawn area: 2%
[m[0m[06:54:43 INFO]: Preparing spawn area: 2%
[m[0m[06:54:44 INFO]: Preparing spawn area: 2%
[m[0m[06:54:44 INFO]: Preparing spawn area: 14%
[m[0m[06:54:45 INFO]: Preparing spawn area: 18%
[m[0m[06:54:45 INFO]: Preparing spawn area: 30%
[m[0m[06:54:46 INFO]: Preparing spawn area: 51%
[m[0m[06:54:46 INFO]: Preparing spawn area: 51%
[m[0m[06:54:47 INFO]: Time elapsed: 3927 ms
[m[0m[06:54:47 INFO]: Done (9.376s)! For help, type "help"
[m[0m[06:58:01 INFO]: KittyScan (/51.158.189.221:58990) lost connection: Disconnected
[m